<?xml version="1.0" encoding="UTF-8"?>
<testng-results ignored="0" total="1" passed="1" failed="0" skipped="0">
  <reporter-output>
  </reporter-output>
  <suite started-at="2024-05-03T09:48:30 EDT" name="Default suite" finished-at="2024-05-03T09:48:32 EDT" duration-ms="2436">
    <groups>
    </groups>
    <test started-at="2024-05-03T09:48:30 EDT" name="Default test" finished-at="2024-05-03T09:48:32 EDT" duration-ms="2436">
      <class name="RestAssuredwithJsonSimple.deleteRequest$PutRequest">
        <test-method signature="testDelete()[pri:0, instance:RestAssuredwithJsonSimple.deleteRequest$PutRequest@77fbd92c]" started-at="2024-05-03T09:48:30 EDT" name="testDelete" finished-at="2024-05-03T09:48:32 EDT" duration-ms="2377" status="PASS">
          <reporter-output>
          </reporter-output>
        </test-method> <!-- testDelete -->
      </class> <!-- RestAssuredwithJsonSimple.deleteRequest$PutRequest -->
    </test> <!-- Default test -->
  </suite> <!-- Default suite -->
</testng-results>
