<?xml version="1.0" encoding="UTF-8"?>
<testng-results ignored="0" total="11" passed="10" failed="1" skipped="0">
  <reporter-output>
  </reporter-output>
  <suite started-at="2024-04-29T05:42:40 EDT" name="Default suite" finished-at="2024-04-29T05:43:10 EDT" duration-ms="30525">
    <groups>
    </groups>
    <test started-at="2024-04-29T05:42:40 EDT" name="Default test" finished-at="2024-04-29T05:43:10 EDT" duration-ms="30525">
      <class name="scripts.HomePageScript">
        <test-method is-config="true" signature="Setup()[pri:0, instance:scripts.HomePageScript@128d2484]" started-at="2024-04-29T05:42:40 EDT" name="Setup" finished-at="2024-04-29T05:42:47 EDT" duration-ms="7643" status="PASS">
          <reporter-output>
          </reporter-output>
        </test-method> <!-- Setup -->
        <test-method is-config="true" signature="Syncronization()[pri:0, instance:scripts.HomePageScript@128d2484]" started-at="2024-04-29T05:42:47 EDT" name="Syncronization" finished-at="2024-04-29T05:42:50 EDT" duration-ms="3125" status="PASS">
          <reporter-output>
          </reporter-output>
        </test-method> <!-- Syncronization -->
        <test-method signature="addToCart()[pri:0, instance:scripts.HomePageScript@128d2484]" started-at="2024-04-29T05:42:50 EDT" name="addToCart" finished-at="2024-04-29T05:42:50 EDT" duration-ms="46" status="FAIL">
          <exception class="org.openqa.selenium.JavascriptException">
            <message>
              <![CDATA[javascript error: {"status":32,"value":"Unable to locate an element with the xpath expression  because of the following error:\nSyntaxError: Failed to execute 'evaluate' on 'Document': The string '' is not a valid XPath expression."}
  (Session info: chrome=124.0.6367.91)
Build info: version: '4.15.0', revision: '1d14b5521b'
System info: os.name: 'Windows 11', os.arch: 'amd64', os.version: '10.0', java.version: '17.0.10'
Driver info: org.openqa.selenium.chrome.ChromeDriver
Command: [648ef3671221f65715742f6b5321d490, findElement {using=xpath, value=}]
Capabilities {acceptInsecureCerts: false, browserName: chrome, browserVersion: 124.0.6367.91, chrome: {chromedriverVersion: 124.0.6367.91 (51df0e5e17a8..., userDataDir: C:\Users\sacon\AppData\Loca...}, fedcm:accounts: true, goog:chromeOptions: {debuggerAddress: localhost:57570}, networkConnectionEnabled: false, pageLoadStrategy: normal, platformName: windows, proxy: Proxy(), se:cdp: ws://localhost:57570/devtoo..., se:cdpVersion: 124.0.6367.91, setWindowRect: true, strictFileInteractability: false, timeouts: {implicit: 0, pageLoad: 300000, script: 30000}, unhandledPromptBehavior: dismiss and notify, webauthn:extension:credBlob: true, webauthn:extension:largeBlob: true, webauthn:extension:minPinLength: true, webauthn:extension:prf: true, webauthn:virtualAuthenticators: true}
Session ID: 648ef3671221f65715742f6b5321d490]]>
            </message>
            <full-stacktrace>
              <![CDATA[org.openqa.selenium.JavascriptException: javascript error: {"status":32,"value":"Unable to locate an element with the xpath expression  because of the following error:\nSyntaxError: Failed to execute 'evaluate' on 'Document': The string '' is not a valid XPath expression."}
  (Session info: chrome=124.0.6367.91)
Build info: version: '4.15.0', revision: '1d14b5521b'
System info: os.name: 'Windows 11', os.arch: 'amd64', os.version: '10.0', java.version: '17.0.10'
Driver info: org.openqa.selenium.chrome.ChromeDriver
Command: [648ef3671221f65715742f6b5321d490, findElement {using=xpath, value=}]
Capabilities {acceptInsecureCerts: false, browserName: chrome, browserVersion: 124.0.6367.91, chrome: {chromedriverVersion: 124.0.6367.91 (51df0e5e17a8..., userDataDir: C:\Users\sacon\AppData\Loca...}, fedcm:accounts: true, goog:chromeOptions: {debuggerAddress: localhost:57570}, networkConnectionEnabled: false, pageLoadStrategy: normal, platformName: windows, proxy: Proxy(), se:cdp: ws://localhost:57570/devtoo..., se:cdpVersion: 124.0.6367.91, setWindowRect: true, strictFileInteractability: false, timeouts: {implicit: 0, pageLoad: 300000, script: 30000}, unhandledPromptBehavior: dismiss and notify, webauthn:extension:credBlob: true, webauthn:extension:largeBlob: true, webauthn:extension:minPinLength: true, webauthn:extension:prf: true, webauthn:virtualAuthenticators: true}
Session ID: 648ef3671221f65715742f6b5321d490
at java.base/jdk.internal.reflect.NativeConstructorAccessorImpl.newInstance0(Native Method)
at java.base/jdk.internal.reflect.NativeConstructorAccessorImpl.newInstance(NativeConstructorAccessorImpl.java:77)
at java.base/jdk.internal.reflect.DelegatingConstructorAccessorImpl.newInstance(DelegatingConstructorAccessorImpl.java:45)
at java.base/java.lang.reflect.Constructor.newInstanceWithCaller(Constructor.java:499)
at java.base/java.lang.reflect.Constructor.newInstance(Constructor.java:480)
at org.openqa.selenium.remote.codec.w3c.W3CHttpResponseCodec.createException(W3CHttpResponseCodec.java:200)
at org.openqa.selenium.remote.codec.w3c.W3CHttpResponseCodec.decode(W3CHttpResponseCodec.java:133)
at org.openqa.selenium.remote.codec.w3c.W3CHttpResponseCodec.decode(W3CHttpResponseCodec.java:52)
at org.openqa.selenium.remote.HttpCommandExecutor.execute(HttpCommandExecutor.java:191)
at org.openqa.selenium.remote.service.DriverCommandExecutor.invokeExecute(DriverCommandExecutor.java:200)
at org.openqa.selenium.remote.service.DriverCommandExecutor.execute(DriverCommandExecutor.java:175)
at org.openqa.selenium.remote.RemoteWebDriver.execute(RemoteWebDriver.java:607)
at org.openqa.selenium.remote.ElementLocation$ElementFinder$2.findElement(ElementLocation.java:165)
at org.openqa.selenium.remote.ElementLocation.findElement(ElementLocation.java:59)
at org.openqa.selenium.remote.RemoteWebDriver.findElement(RemoteWebDriver.java:364)
at org.openqa.selenium.remote.RemoteWebDriver.findElement(RemoteWebDriver.java:358)
at pom.HomePage.addToCart(HomePage.java:75)
at scripts.HomePageScript.addToCart(HomePageScript.java:151)
at java.base/jdk.internal.reflect.NativeMethodAccessorImpl.invoke0(Native Method)
at java.base/jdk.internal.reflect.NativeMethodAccessorImpl.invoke(NativeMethodAccessorImpl.java:77)
at java.base/jdk.internal.reflect.DelegatingMethodAccessorImpl.invoke(DelegatingMethodAccessorImpl.java:43)
at java.base/java.lang.reflect.Method.invoke(Method.java:568)
at org.testng.internal.invokers.MethodInvocationHelper.invokeMethod(MethodInvocationHelper.java:139)
at org.testng.internal.invokers.TestInvoker.invokeMethod(TestInvoker.java:677)
at org.testng.internal.invokers.TestInvoker.invokeTestMethod(TestInvoker.java:221)
at org.testng.internal.invokers.MethodRunner.runInSequence(MethodRunner.java:50)
at org.testng.internal.invokers.TestInvoker$MethodInvocationAgent.invoke(TestInvoker.java:962)
at org.testng.internal.invokers.TestInvoker.invokeTestMethods(TestInvoker.java:194)
at org.testng.internal.invokers.TestMethodWorker.invokeTestMethods(TestMethodWorker.java:148)
at org.testng.internal.invokers.TestMethodWorker.run(TestMethodWorker.java:128)
at java.base/java.util.ArrayList.forEach(ArrayList.java:1511)
at org.testng.TestRunner.privateRun(TestRunner.java:806)
at org.testng.TestRunner.run(TestRunner.java:601)
at org.testng.SuiteRunner.runTest(SuiteRunner.java:433)
at org.testng.SuiteRunner.runSequentially(SuiteRunner.java:427)
at org.testng.SuiteRunner.privateRun(SuiteRunner.java:387)
at org.testng.SuiteRunner.run(SuiteRunner.java:330)
at org.testng.SuiteRunnerWorker.runSuite(SuiteRunnerWorker.java:52)
at org.testng.SuiteRunnerWorker.run(SuiteRunnerWorker.java:95)
at org.testng.TestNG.runSuitesSequentially(TestNG.java:1256)
at org.testng.TestNG.runSuitesLocally(TestNG.java:1176)
at org.testng.TestNG.runSuites(TestNG.java:1099)
at org.testng.TestNG.run(TestNG.java:1067)
at org.testng.remote.AbstractRemoteTestNG.run(AbstractRemoteTestNG.java:115)
at org.testng.remote.RemoteTestNG.initAndRun(RemoteTestNG.java:293)
at org.testng.remote.RemoteTestNG.main(RemoteTestNG.java:91)
]]>
            </full-stacktrace>
          </exception> <!-- org.openqa.selenium.JavascriptException -->
          <reporter-output>
          </reporter-output>
        </test-method> <!-- addToCart -->
        <test-method is-config="true" signature="Syncronization()[pri:0, instance:scripts.HomePageScript@128d2484]" started-at="2024-04-29T05:42:50 EDT" name="Syncronization" finished-at="2024-04-29T05:42:51 EDT" duration-ms="432" status="PASS">
          <reporter-output>
          </reporter-output>
        </test-method> <!-- Syncronization -->
        <test-method signature="browseCourse()[pri:0, instance:scripts.HomePageScript@128d2484]" started-at="2024-04-29T05:42:51 EDT" name="browseCourse" finished-at="2024-04-29T05:43:02 EDT" duration-ms="11568" status="PASS">
          <reporter-output>
          </reporter-output>
        </test-method> <!-- browseCourse -->
        <test-method is-config="true" signature="Syncronization()[pri:0, instance:scripts.HomePageScript@128d2484]" started-at="2024-04-29T05:43:02 EDT" name="Syncronization" finished-at="2024-04-29T05:43:03 EDT" duration-ms="413" status="PASS">
          <reporter-output>
          </reporter-output>
        </test-method> <!-- Syncronization -->
        <test-method signature="careerPath()[pri:0, instance:scripts.HomePageScript@128d2484]" started-at="2024-04-29T05:43:03 EDT" name="careerPath" finished-at="2024-04-29T05:43:04 EDT" duration-ms="903" status="PASS">
          <reporter-output>
          </reporter-output>
        </test-method> <!-- careerPath -->
        <test-method is-config="true" signature="Syncronization()[pri:0, instance:scripts.HomePageScript@128d2484]" started-at="2024-04-29T05:43:04 EDT" name="Syncronization" finished-at="2024-04-29T05:43:04 EDT" duration-ms="396" status="PASS">
          <reporter-output>
          </reporter-output>
        </test-method> <!-- Syncronization -->
        <test-method signature="courseOwner()[pri:0, instance:scripts.HomePageScript@128d2484]" started-at="2024-04-29T05:43:04 EDT" name="courseOwner" finished-at="2024-04-29T05:43:04 EDT" duration-ms="72" status="PASS">
          <reporter-output>
          </reporter-output>
        </test-method> <!-- courseOwner -->
        <test-method is-config="true" signature="Syncronization()[pri:0, instance:scripts.HomePageScript@128d2484]" started-at="2024-04-29T05:43:04 EDT" name="Syncronization" finished-at="2024-04-29T05:43:05 EDT" duration-ms="436" status="PASS">
          <reporter-output>
          </reporter-output>
        </test-method> <!-- Syncronization -->
        <test-method signature="courseprice()[pri:0, instance:scripts.HomePageScript@128d2484]" started-at="2024-04-29T05:43:05 EDT" name="courseprice" finished-at="2024-04-29T05:43:05 EDT" duration-ms="45" status="PASS">
          <reporter-output>
          </reporter-output>
        </test-method> <!-- courseprice -->
        <test-method is-config="true" signature="Syncronization()[pri:0, instance:scripts.HomePageScript@128d2484]" started-at="2024-04-29T05:43:05 EDT" name="Syncronization" finished-at="2024-04-29T05:43:05 EDT" duration-ms="384" status="PASS">
          <reporter-output>
          </reporter-output>
        </test-method> <!-- Syncronization -->
        <test-method signature="displayCourseDuration()[pri:0, instance:scripts.HomePageScript@128d2484]" started-at="2024-04-29T05:43:05 EDT" name="displayCourseDuration" finished-at="2024-04-29T05:43:05 EDT" duration-ms="49" status="PASS">
          <reporter-output>
          </reporter-output>
        </test-method> <!-- displayCourseDuration -->
        <test-method is-config="true" signature="Syncronization()[pri:0, instance:scripts.HomePageScript@128d2484]" started-at="2024-04-29T05:43:05 EDT" name="Syncronization" finished-at="2024-04-29T05:43:06 EDT" duration-ms="366" status="PASS">
          <reporter-output>
          </reporter-output>
        </test-method> <!-- Syncronization -->
        <test-method signature="displayCourseName()[pri:0, instance:scripts.HomePageScript@128d2484]" started-at="2024-04-29T05:43:06 EDT" name="displayCourseName" finished-at="2024-04-29T05:43:06 EDT" duration-ms="50" status="PASS">
          <reporter-output>
          </reporter-output>
        </test-method> <!-- displayCourseName -->
        <test-method is-config="true" signature="Syncronization()[pri:0, instance:scripts.HomePageScript@128d2484]" started-at="2024-04-29T05:43:06 EDT" name="Syncronization" finished-at="2024-04-29T05:43:06 EDT" duration-ms="369" status="PASS">
          <reporter-output>
          </reporter-output>
        </test-method> <!-- Syncronization -->
        <test-method signature="enrollNow()[pri:0, instance:scripts.HomePageScript@128d2484]" started-at="2024-04-29T05:43:06 EDT" name="enrollNow" finished-at="2024-04-29T05:43:07 EDT" duration-ms="669" status="PASS">
          <reporter-output>
          </reporter-output>
        </test-method> <!-- enrollNow -->
        <test-method is-config="true" signature="Syncronization()[pri:0, instance:scripts.HomePageScript@128d2484]" started-at="2024-04-29T05:43:07 EDT" name="Syncronization" finished-at="2024-04-29T05:43:07 EDT" duration-ms="384" status="PASS">
          <reporter-output>
          </reporter-output>
        </test-method> <!-- Syncronization -->
        <test-method signature="numberOfCourseSubscribers()[pri:0, instance:scripts.HomePageScript@128d2484]" started-at="2024-04-29T05:43:07 EDT" name="numberOfCourseSubscribers" finished-at="2024-04-29T05:43:07 EDT" duration-ms="48" status="PASS">
          <reporter-output>
          </reporter-output>
        </test-method> <!-- numberOfCourseSubscribers -->
        <test-method is-config="true" signature="Syncronization()[pri:0, instance:scripts.HomePageScript@128d2484]" started-at="2024-04-29T05:43:07 EDT" name="Syncronization" finished-at="2024-04-29T05:43:08 EDT" duration-ms="409" status="PASS">
          <reporter-output>
          </reporter-output>
        </test-method> <!-- Syncronization -->
        <test-method signature="ownPace()[pri:1, instance:scripts.HomePageScript@128d2484]" started-at="2024-04-29T05:43:08 EDT" name="ownPace" finished-at="2024-04-29T05:43:08 EDT" depends-on-methods="scripts.HomePageScript.careerPath" duration-ms="873" status="PASS">
          <reporter-output>
          </reporter-output>
        </test-method> <!-- ownPace -->
        <test-method is-config="true" signature="Syncronization()[pri:0, instance:scripts.HomePageScript@128d2484]" started-at="2024-04-29T05:43:08 EDT" name="Syncronization" finished-at="2024-04-29T05:43:09 EDT" duration-ms="378" status="PASS">
          <reporter-output>
          </reporter-output>
        </test-method> <!-- Syncronization -->
        <test-method signature="payingJob()[pri:2, instance:scripts.HomePageScript@128d2484]" started-at="2024-04-29T05:43:09 EDT" name="payingJob" finished-at="2024-04-29T05:43:10 EDT" duration-ms="865" status="PASS">
          <reporter-output>
          </reporter-output>
        </test-method> <!-- payingJob -->
        <test-method is-config="true" signature="TearOut()[pri:0, instance:scripts.HomePageScript@128d2484]" started-at="2024-04-29T05:43:10 EDT" name="TearOut" finished-at="2024-04-29T05:43:10 EDT" duration-ms="507" status="PASS">
          <reporter-output>
          </reporter-output>
        </test-method> <!-- TearOut -->
      </class> <!-- scripts.HomePageScript -->
    </test> <!-- Default test -->
  </suite> <!-- Default suite -->
</testng-results>
