<?xml version="1.0" encoding="UTF-8"?>
<!-- Generated by org.testng.reporters.JUnitReportReporter -->
<testsuite hostname="Sam" failures="0" tests="8" name="scripts.HomePageScript" time="10.569" errors="0" timestamp="2025-02-09T23:51:09 EST" skipped="0">
  <testcase classname="scripts.HomePageScript" name="displayCourseName" time="0.528"/>
  <system-out/>
  <testcase classname="scripts.HomePageScript" name="displayCourseDuration" time="0.336"/>
  <system-out/>
  <testcase classname="scripts.HomePageScript" name="courseprice" time="0.336"/>
  <system-out/>
  <testcase classname="scripts.HomePageScript" name="browseCourse" time="3.640"/>
  <system-out/>
  <testcase classname="scripts.HomePageScript" name="careerPath" time="1.321"/>
  <system-out/>
  <testcase classname="scripts.HomePageScript" name="enrollNow" time="2.094"/>
  <system-out/>
  <testcase classname="scripts.HomePageScript" name="ownPace" time="1.167"/>
  <system-out/>
  <testcase classname="scripts.HomePageScript" name="payingJob" time="1.147"/>
  <system-out/>
</testsuite> <!-- scripts.HomePageScript -->
